node:internal/fs/watchers:323
    const error = new UVException({
                  ^

Error: EBUSY: resource busy or locked, watch 'C:\Users\Rorisang\Downloads\Tshwane-bus-service-pro-main\frontend\src\components\LandingPage.css'
    at FSWatcher.<computed> (node:internal/fs/watchers:323:19)
    at Object.watch (node:fs:3062:36)
    at createFsWatchInstance (file:///C:/Users/Rorisang/Downloads/Tshwane-bus-service-pro-main/frontend/node_modules/vite/dist/node/chunks/dep-BK3b2jBa.js:42780:17)
    at setFsWatchListener (file:///C:/Users/Rorisang/Downloads/Tshwane-bus-service-pro-main/frontend/node_modules/vite/dist/node/chunks/dep-BK3b2jBa.js:42827:15)
    at NodeFsHandler._watchWithNodeFs (file:///C:/Users/Rorisang/Downloads/Tshwane-bus-service-pro-main/frontend/node_modules/vite/dist/node/chunks/dep-BK3b2jBa.js:42982:14)
    at NodeFsHandler._handleFile (file:///C:/Users/Rorisang/Downloads/Tshwane-bus-service-pro-main/frontend/node_modules/vite/dist/node/chunks/dep-BK3b2jBa.js:43046:23)
    at NodeFsHandler._addToNodeFs (file:///C:/Users/Rorisang/Downloads/Tshwane-bus-service-pro-main/frontend/node_modules/vite/dist/node/chunks/dep-BK3b2jBa.js:43288:21)
Emitted 'error' event on FSWatcher instance at:
    at FSWatcher._handleError (file:///C:/Users/Rorisang/Downloads/Tshwane-bus-service-pro-main/frontend/node_modules/vite/dist/node/chunks/dep-BK3b2jBa.js:44481:10)
    at NodeFsHandler._addToNodeFs (file:///C:/Users/Rorisang/Downloads/Tshwane-bus-service-pro-main/frontend/node_modules/vite/dist/node/chunks/dep-BK3b2jBa.js:43296:18) {
  errno: -4082,
  syscall: 'watch',
  code: 'EBUSY',
  path: 'C:\\Users\\Rorisang\\Downloads\\Tshwane-bus-service-pro-main\\frontend\\src\\components\\LandingPage.css',
  filename: 'C:\\Users\\Rorisang\\Downloads\\Tshwane-bus-service-pro-main\\frontend\\src\\components\\LandingPage.css'
}

Node.js v26.5.0
